<?xml version="1.0" encoding="UTF-8"?>
<!-- Generated by org.testng.reporters.JUnitReportReporter -->
<testsuite hostname="LAPTOP-RNESICUQ" failures="0" tests="7" name="testng.Features" time="0.016" errors="0" timestamp="2023-10-18T14:44:29 IST" skipped="1">
  <testcase classname="testng.Features" name="test1" time="0.008"/>
  <system-out/>
  <testcase classname="testng.Features" name="test4" time="0.002"/>
  <system-out/>
  <testcase classname="testng.Features" name="test6" time="0.001"/>
  <system-out/>
  <testcase classname="testng.Features" name="test5" time="0.002"/>
  <system-out/>
  <testcase classname="testng.Features" name="test4" time="0.002"/>
  <system-out/>
  <testcase classname="testng.Features" name="test2" time="0.001"/>
  <system-out/>
  <testcase classname="testng.Features" name="test3">
    <skipped/>
  </testcase> <!-- test3 -->
  <system-out/>
</testsuite> <!-- testng.Features -->
