<?xml version="1.0" encoding="UTF-8"?>
<!-- Generated by org.testng.reporters.JUnitReportReporter -->
<testsuite hostname="LAPTOP-RNESICUQ" failures="0" tests="2" name="testng.Testingdemo" time="0.008" errors="0" timestamp="2023-10-18T14:35:32 IST" skipped="0">
  <testcase classname="testng.Testingdemo" name="test2" time="0.007"/>
  <system-out/>
  <testcase classname="testng.Testingdemo" name="test1" time="0.001"/>
  <system-out/>
</testsuite> <!-- testng.Testingdemo -->
