<?xml version="1.0" encoding="UTF-8"?>
<!-- Generated by org.testng.reporters.JUnitReportReporter -->
<testsuite hostname="LAPTOP-RNESICUQ" failures="0" tests="3" name="testng.grouping" time="0.015" errors="0" timestamp="2023-10-18T15:14:46 IST" skipped="0">
  <testcase classname="testng.grouping" name="test2" time="0.001"/>
  <system-out/>
  <testcase classname="testng.grouping" name="test4" time="0.001"/>
  <system-out/>
  <testcase classname="testng.grouping" name="test1" time="0.013"/>
  <system-out/>
</testsuite> <!-- testng.grouping -->
