<?xml version="1.0" encoding="UTF-8"?>
<!-- Generated by org.testng.reporters.JUnitReportReporter -->
<testsuite hostname="LAPTOP-RNESICUQ" failures="0" tests="1" name="testng.facebooklogin" time="0.299" errors="0" timestamp="2023-10-19T14:42:12 IST" skipped="0">
  <testcase classname="testng.facebooklogin" name="test1" time="0.299"/>
  <system-out/>
</testsuite> <!-- testng.facebooklogin -->
