<?xml version="1.0" encoding="UTF-8"?>
<!-- Generated by org.testng.reporters.JUnitReportReporter -->
<testsuite hostname="LAPTOP-RNESICUQ" failures="0" tests="1" name="testng.dragdrop" time="8.396" errors="0" timestamp="2023-10-19T15:21:55 IST" skipped="0">
  <testcase classname="testng.dragdrop" name="DragnDrop" time="8.396"/>
  <system-out/>
</testsuite> <!-- testng.dragdrop -->
