<?xml version="1.0" encoding="UTF-8"?>
<!-- Generated by org.testng.reporters.JUnitReportReporter -->
<testsuite hostname="LAPTOP-RNESICUQ" failures="0" tests="1" name="testpkg.Fblogintest" time="0.227" errors="0" timestamp="2023-11-01T15:11:49 IST" skipped="0">
  <testcase classname="testpkg.Fblogintest" name="test" time="0.227"/>
  <system-out/>
</testsuite> <!-- testpkg.Fblogintest -->
