<?xml version="1.0" encoding="UTF-8"?>
<!-- Generated by org.testng.reporters.JUnitReportReporter -->
<testsuite hostname="LAPTOP-RNESICUQ" failures="0" tests="1" name="testng.Fileuploadshot" time="0.344" errors="0" timestamp="2023-10-26T14:36:36 IST" skipped="0">
  <testcase classname="testng.Fileuploadshot" name="fileuploadtest" time="0.344"/>
  <system-out/>
</testsuite> <!-- testng.Fileuploadshot -->
